Arguments: 
  /usr/local/bin/node /usr/local/bin/yarn publish

PATH: 
  /usr/local/bin:/usr/bin:/bin:/usr/sbin:/sbin:/Library/Apple/usr/bin

Yarn version: 
  1.17.3

Node version: 
  16.15.0

Platform: 
  darwin x64

Trace: 
  Error: canceled
      at Interface.<anonymous> (/usr/local/lib/node_modules/yarn/lib/cli.js:136724:13)
      at Interface.emit (node:events:527:28)
      at Interface._ttyWrite (node:readline:1081:16)
      at ReadStream.onkeypress (node:readline:288:10)
      at ReadStream.emit (node:events:527:28)
      at emitKeys (node:internal/readline/utils:358:14)
      at emitKeys.next (<anonymous>)
      at ReadStream.onData (node:internal/readline/emitKeypressEvents:61:36)
      at ReadStream.emit (node:events:527:28)
      at addChunk (node:internal/streams/readable:315:12)

npm manifest: 
  {
    "name": "@bbp-studio/eslint-config-nextjs",
    "version": "0.0.0",
    "license": "BBPSTUDIO",
    "author": "parkj5028 <parkj5028@gmail.com>",
    "description": "eslint config for Next.js + Typescript",
    "keywords": [
      "nextjs",
      "typescript",
      "eslint"
    ],
    "repository": {
      "type": "git",
      "url": "https://github.com/bbp-studio/eslint-config-nextjs"
    },
    "publishConfig": {
      "registry": "https://npm.pkg.github.com"
    },
    "peerDependencies": {
      "nextjs": ">=13",
      "eslint": ">=8",
      "typescript": "^5.0.4",
      "eslint-config-next": "13.1.6",
      "eslint-config-prettier": "^8.6.0",
      "eslint-import-resolver-typescript": "^3.5.5",
      "eslint-plugin-import": "^2.27.5",
      "eslint-plugin-react": "^7.32.2",
      "eslint-plugin-unused-imports": "^2.0.0"
    }
  }

yarn manifest: 
  No manifest

Lockfile: 
  # THIS IS AN AUTOGENERATED FILE. DO NOT EDIT THIS FILE DIRECTLY.
  # yarn lockfile v1
